{"$message_type":"diagnostic","message":"init_if_needed requires that anchor-lang be imported with the init-if-needed cargo feature enabled. Carefully read the init_if_needed docs before using this feature to make sure you know how to protect yourself against re-initialization attacks.","code":null,"level":"error","spans":[{"file_name":"mock_programs/streamflow_mock/src/lib.rs","byte_start":731,"byte_end":745,"line_start":27,"line_end":27,"column_start":9,"column_end":23,"is_primary":true,"text":[{"text":"        init_if_needed,","highlight_start":9,"highlight_end":23}],"label":null,"suggested_replacement":null,"suggestion_applicability":null,"expansion":null}],"children":[],"rendered":"\u001b[0m\u001b[1m\u001b[38;5;9merror\u001b[0m\u001b[0m\u001b[1m: init_if_needed requires that anchor-lang be imported with the init-if-needed cargo feature enabled. Carefully read the init_if_needed docs before using this feature to make sure you know how to protect yourself against re-initialization attacks.\u001b[0m\n\u001b[0m  \u001b[0m\u001b[0m\u001b[1m\u001b[38;5;12m--> \u001b[0m\u001b[0mmock_programs/streamflow_mock/src/lib.rs:27:9\u001b[0m\n\u001b[0m   \u001b[0m\u001b[0m\u001b[1m\u001b[38;5;12m|\u001b[0m\n\u001b[0m\u001b[1m\u001b[38;5;12m27\u001b[0m\u001b[0m \u001b[0m\u001b[0m\u001b[1m\u001b[38;5;12m|\u001b[0m\u001b[0m \u001b[0m\u001b[0m        init_if_needed,\u001b[0m\n\u001b[0m   \u001b[0m\u001b[0m\u001b[1m\u001b[38;5;12m|\u001b[0m\u001b[0m         \u001b[0m\u001b[0m\u001b[1m\u001b[38;5;9m^^^^^^^^^^^^^^\u001b[0m\n\n"}
{"$message_type":"diagnostic","message":"unresolved import `crate`","code":{"code":"E0432","explanation":"An import was unresolved.\n\nErroneous code example:\n\n```compile_fail,E0432\nuse something::Foo; // error: unresolved import `something::Foo`.\n```\n\nIn Rust 2015, paths in `use` statements are relative to the crate root. To\nimport items relative to the current and parent modules, use the `self::` and\n`super::` prefixes, respectively.\n\nIn Rust 2018 or later, paths in `use` statements are relative to the current\nmodule unless they begin with the name of a crate or a literal `crate::`, in\nwhich case they start from the crate root. As in Rust 2015 code, the `self::`\nand `super::` prefixes refer to the current and parent modules respectively.\n\nAlso verify that you didn't misspell the import name and that the import exists\nin the module from where you tried to import it. Example:\n\n```\nuse self::something::Foo; // Ok.\n\nmod something {\n    pub struct Foo;\n}\n# fn main() {}\n```\n\nIf you tried to use a module from an external crate and are using Rust 2015,\nyou may have missed the `extern crate` declaration (which is usually placed in\nthe crate root):\n\n```edition2015\nextern crate core; // Required to use the `core` crate in Rust 2015.\n\nuse core::any;\n# fn main() {}\n```\n\nSince Rust 2018 the `extern crate` declaration is not required and\nyou can instead just `use` it:\n\n```edition2018\nuse core::any; // No extern crate required in Rust 2018.\n# fn main() {}\n```\n"},"level":"error","spans":[{"file_name":"mock_programs/streamflow_mock/src/lib.rs","byte_start":122,"byte_end":132,"line_start":8,"line_end":8,"column_start":1,"column_end":11,"is_primary":true,"text":[{"text":"#[program]","highlight_start":1,"highlight_end":11}],"label":"could not find `__client_accounts_set_locked_amount` in the crate root","suggested_replacement":null,"suggestion_applicability":null,"expansion":{"span":{"file_name":"mock_programs/streamflow_mock/src/lib.rs","byte_start":122,"byte_end":132,"line_start":8,"line_end":8,"column_start":1,"column_end":11,"is_primary":false,"text":[{"text":"#[program]","highlight_start":1,"highlight_end":11}],"label":null,"suggested_replacement":null,"suggestion_applicability":null,"expansion":null},"macro_decl_name":"#[program]","def_site_span":{"file_name":"/usr/local/cargo/registry/src/index.crates.io-6f17d22bba15001f/anchor-attribute-program-0.30.1/src/lib.rs","byte_start":293,"byte_end":409,"line_start":12,"line_end":15,"column_start":1,"column_end":29,"is_primary":false,"text":[{"text":"pub fn program(","highlight_start":1,"highlight_end":16},{"text":"    _args: proc_macro::TokenStream,","highlight_start":1,"highlight_end":36},{"text":"    input: proc_macro::TokenStream,","highlight_start":1,"highlight_end":36},{"text":") -> proc_macro::TokenStream {","highlight_start":1,"highlight_end":29}],"label":null,"suggested_replacement":null,"suggestion_applicability":null,"expansion":null}}}],"children":[],"rendered":"\u001b[0m\u001b[1m\u001b[38;5;9merror[E0432]\u001b[0m\u001b[0m\u001b[1m: unresolved import `crate`\u001b[0m\n\u001b[0m \u001b[0m\u001b[0m\u001b[1m\u001b[38;5;12m--> \u001b[0m\u001b[0mmock_programs/streamflow_mock/src/lib.rs:8:1\u001b[0m\n\u001b[0m  \u001b[0m\u001b[0m\u001b[1m\u001b[38;5;12m|\u001b[0m\n\u001b[0m\u001b[1m\u001b[38;5;12m8\u001b[0m\u001b[0m \u001b[0m\u001b[0m\u001b[1m\u001b[38;5;12m|\u001b[0m\u001b[0m \u001b[0m\u001b[0m#[program]\u001b[0m\n\u001b[0m  \u001b[0m\u001b[0m\u001b[1m\u001b[38;5;12m|\u001b[0m\u001b[0m \u001b[0m\u001b[0m\u001b[1m\u001b[38;5;9m^^^^^^^^^^\u001b[0m\u001b[0m \u001b[0m\u001b[0m\u001b[1m\u001b[38;5;9mcould not find `__client_accounts_set_locked_amount` in the crate root\u001b[0m\n\u001b[0m  \u001b[0m\u001b[0m\u001b[1m\u001b[38;5;12m|\u001b[0m\n\u001b[0m  \u001b[0m\u001b[0m\u001b[1m\u001b[38;5;12m= \u001b[0m\u001b[0m\u001b[1mnote\u001b[0m\u001b[0m: this error originates in the attribute macro `program` (in Nightly builds, run with -Z macro-backtrace for more info)\u001b[0m\n\n"}
{"$message_type":"diagnostic","message":"the trait bound `SetLockedAmount<'_>: Bumps` is not satisfied","code":{"code":"E0277","explanation":"You tried to use a type which doesn't implement some trait in a place which\nexpected that trait.\n\nErroneous code example:\n\n```compile_fail,E0277\n// here we declare the Foo trait with a bar method\ntrait Foo {\n    fn bar(&self);\n}\n\n// we now declare a function which takes an object implementing the Foo trait\nfn some_func<T: Foo>(foo: T) {\n    foo.bar();\n}\n\nfn main() {\n    // we now call the method with the i32 type, which doesn't implement\n    // the Foo trait\n    some_func(5i32); // error: the trait bound `i32 : Foo` is not satisfied\n}\n```\n\nIn order to fix this error, verify that the type you're using does implement\nthe trait. Example:\n\n```\ntrait Foo {\n    fn bar(&self);\n}\n\n// we implement the trait on the i32 type\nimpl Foo for i32 {\n    fn bar(&self) {}\n}\n\nfn some_func<T: Foo>(foo: T) {\n    foo.bar(); // we can now use this method since i32 implements the\n               // Foo trait\n}\n\nfn main() {\n    some_func(5i32); // ok!\n}\n```\n\nOr in a generic context, an erroneous code example would look like:\n\n```compile_fail,E0277\nfn some_func<T>(foo: T) {\n    println!(\"{:?}\", foo); // error: the trait `core::fmt::Debug` is not\n                           //        implemented for the type `T`\n}\n\nfn main() {\n    // We now call the method with the i32 type,\n    // which *does* implement the Debug trait.\n    some_func(5i32);\n}\n```\n\nNote that the error here is in the definition of the generic function. Although\nwe only call it with a parameter that does implement `Debug`, the compiler\nstill rejects the function. It must work with all possible input types. In\norder to make this example compile, we need to restrict the generic type we're\naccepting:\n\n```\nuse std::fmt;\n\n// Restrict the input type to types that implement Debug.\nfn some_func<T: fmt::Debug>(foo: T) {\n    println!(\"{:?}\", foo);\n}\n\nfn main() {\n    // Calling the method is still fine, as i32 implements Debug.\n    some_func(5i32);\n\n    // This would fail to compile now:\n    // struct WithoutDebug;\n    // some_func(WithoutDebug);\n}\n```\n\nRust only looks at the signature of the called function, as such it must\nalready specify all requirements that will be used for every type parameter.\n"},"level":"error","spans":[{"file_name":"mock_programs/streamflow_mock/src/lib.rs","byte_start":212,"byte_end":236,"line_start":12,"line_end":12,"column_start":35,"column_end":59,"is_primary":true,"text":[{"text":"    pub fn set_locked_amount(ctx: Context<SetLockedAmount>, locked_amount: u64, y0: u64) -> Result<()> {","highlight_start":35,"highlight_end":59}],"label":"the trait `Bumps` is not implemented for `SetLockedAmount<'_>`","suggested_replacement":null,"suggestion_applicability":null,"expansion":null}],"children":[{"message":"the following other types implement trait `Bumps`:\n  CreateNonceAccount<'info>\n  CreateNonceAccountWithSeed<'info>\n  __idl::IdlAccounts<'info>\n  __idl::IdlCloseAccount<'info>\n  __idl::IdlCreateAccounts<'info>\n  __idl::IdlCreateBuffer<'info>\n  __idl::IdlResizeAccount<'info>\n  __idl::IdlSetBuffer<'info>\nand 11 others","code":null,"level":"help","spans":[],"children":[],"rendered":null},{"message":"required by a bound in `anchor_lang::context::Context`","code":null,"level":"note","spans":[{"file_name":"/usr/local/cargo/registry/src/index.crates.io-6f17d22bba15001f/anchor-lang-0.30.1/src/context.rs","byte_start":826,"byte_end":831,"line_start":24,"line_end":24,"column_start":42,"column_end":47,"is_primary":true,"text":[{"text":"pub struct Context<'a, 'b, 'c, 'info, T: Bumps> {","highlight_start":42,"highlight_end":47}],"label":"required by this bound in `Context`","suggested_replacement":null,"suggestion_applicability":null,"expansion":null}],"children":[],"rendered":null}],"rendered":"\u001b[0m\u001b[1m\u001b[38;5;9merror[E0277]\u001b[0m\u001b[0m\u001b[1m: the trait bound `SetLockedAmount<'_>: Bumps` is not satisfied\u001b[0m\n\u001b[0m  \u001b[0m\u001b[0m\u001b[1m\u001b[38;5;12m--> \u001b[0m\u001b[0mmock_programs/streamflow_mock/src/lib.rs:12:35\u001b[0m\n\u001b[0m   \u001b[0m\u001b[0m\u001b[1m\u001b[38;5;12m|\u001b[0m\n\u001b[0m\u001b[1m\u001b[38;5;12m12\u001b[0m\u001b[0m \u001b[0m\u001b[0m\u001b[1m\u001b[38;5;12m|\u001b[0m\u001b[0m \u001b[0m\u001b[0m    pub fn set_locked_amount(ctx: Context<SetLockedAmount>, locked_amount: u64, y0: u64) -> Result<()> {\u001b[0m\n\u001b[0m   \u001b[0m\u001b[0m\u001b[1m\u001b[38;5;12m|\u001b[0m\u001b[0m                                   \u001b[0m\u001b[0m\u001b[1m\u001b[38;5;9m^^^^^^^^^^^^^^^^^^^^^^^^\u001b[0m\u001b[0m \u001b[0m\u001b[0m\u001b[1m\u001b[38;5;9mthe trait `Bumps` is not implemented for `SetLockedAmount<'_>`\u001b[0m\n\u001b[0m   \u001b[0m\u001b[0m\u001b[1m\u001b[38;5;12m|\u001b[0m\n\u001b[0m   \u001b[0m\u001b[0m\u001b[1m\u001b[38;5;12m= \u001b[0m\u001b[0m\u001b[1mhelp\u001b[0m\u001b[0m: the following other types implement trait `Bumps`:\u001b[0m\n\u001b[0m             CreateNonceAccount<'info>\u001b[0m\n\u001b[0m             CreateNonceAccountWithSeed<'info>\u001b[0m\n\u001b[0m             __idl::IdlAccounts<'info>\u001b[0m\n\u001b[0m             __idl::IdlCloseAccount<'info>\u001b[0m\n\u001b[0m             __idl::IdlCreateAccounts<'info>\u001b[0m\n\u001b[0m             __idl::IdlCreateBuffer<'info>\u001b[0m\n\u001b[0m             __idl::IdlResizeAccount<'info>\u001b[0m\n\u001b[0m             __idl::IdlSetBuffer<'info>\u001b[0m\n\u001b[0m           and 11 others\u001b[0m\n\u001b[0m\u001b[1m\u001b[38;5;10mnote\u001b[0m\u001b[0m: required by a bound in `anchor_lang::context::Context`\u001b[0m\n\u001b[0m  \u001b[0m\u001b[0m\u001b[1m\u001b[38;5;12m--> \u001b[0m\u001b[0m/usr/local/cargo/registry/src/index.crates.io-6f17d22bba15001f/anchor-lang-0.30.1/src/context.rs:24:42\u001b[0m\n\u001b[0m   \u001b[0m\u001b[0m\u001b[1m\u001b[38;5;12m|\u001b[0m\n\u001b[0m\u001b[1m\u001b[38;5;12m24\u001b[0m\u001b[0m \u001b[0m\u001b[0m\u001b[1m\u001b[38;5;12m|\u001b[0m\u001b[0m \u001b[0m\u001b[0mpub struct Context<'a, 'b, 'c, 'info, T: Bumps> {\u001b[0m\n\u001b[0m   \u001b[0m\u001b[0m\u001b[1m\u001b[38;5;12m|\u001b[0m\u001b[0m                                          \u001b[0m\u001b[0m\u001b[1m\u001b[38;5;10m^^^^^\u001b[0m\u001b[0m \u001b[0m\u001b[0m\u001b[1m\u001b[38;5;10mrequired by this bound in `Context`\u001b[0m\n\n"}
{"$message_type":"diagnostic","message":"the trait bound `SetLockedAmount<'_>: Bumps` is not satisfied","code":{"code":"E0277","explanation":"You tried to use a type which doesn't implement some trait in a place which\nexpected that trait.\n\nErroneous code example:\n\n```compile_fail,E0277\n// here we declare the Foo trait with a bar method\ntrait Foo {\n    fn bar(&self);\n}\n\n// we now declare a function which takes an object implementing the Foo trait\nfn some_func<T: Foo>(foo: T) {\n    foo.bar();\n}\n\nfn main() {\n    // we now call the method with the i32 type, which doesn't implement\n    // the Foo trait\n    some_func(5i32); // error: the trait bound `i32 : Foo` is not satisfied\n}\n```\n\nIn order to fix this error, verify that the type you're using does implement\nthe trait. Example:\n\n```\ntrait Foo {\n    fn bar(&self);\n}\n\n// we implement the trait on the i32 type\nimpl Foo for i32 {\n    fn bar(&self) {}\n}\n\nfn some_func<T: Foo>(foo: T) {\n    foo.bar(); // we can now use this method since i32 implements the\n               // Foo trait\n}\n\nfn main() {\n    some_func(5i32); // ok!\n}\n```\n\nOr in a generic context, an erroneous code example would look like:\n\n```compile_fail,E0277\nfn some_func<T>(foo: T) {\n    println!(\"{:?}\", foo); // error: the trait `core::fmt::Debug` is not\n                           //        implemented for the type `T`\n}\n\nfn main() {\n    // We now call the method with the i32 type,\n    // which *does* implement the Debug trait.\n    some_func(5i32);\n}\n```\n\nNote that the error here is in the definition of the generic function. Although\nwe only call it with a parameter that does implement `Debug`, the compiler\nstill rejects the function. It must work with all possible input types. In\norder to make this example compile, we need to restrict the generic type we're\naccepting:\n\n```\nuse std::fmt;\n\n// Restrict the input type to types that implement Debug.\nfn some_func<T: fmt::Debug>(foo: T) {\n    println!(\"{:?}\", foo);\n}\n\nfn main() {\n    // Calling the method is still fine, as i32 implements Debug.\n    some_func(5i32);\n\n    // This would fail to compile now:\n    // struct WithoutDebug;\n    // some_func(WithoutDebug);\n}\n```\n\nRust only looks at the signature of the called function, as such it must\nalready specify all requirements that will be used for every type parameter.\n"},"level":"error","spans":[{"file_name":"mock_programs/streamflow_mock/src/lib.rs","byte_start":220,"byte_end":235,"line_start":12,"line_end":12,"column_start":43,"column_end":58,"is_primary":true,"text":[{"text":"    pub fn set_locked_amount(ctx: Context<SetLockedAmount>, locked_amount: u64, y0: u64) -> Result<()> {","highlight_start":43,"highlight_end":58}],"label":"the trait `Bumps` is not implemented for `SetLockedAmount<'_>`","suggested_replacement":null,"suggestion_applicability":null,"expansion":null}],"children":[{"message":"the following other types implement trait `Bumps`:\n  CreateNonceAccount<'info>\n  CreateNonceAccountWithSeed<'info>\n  __idl::IdlAccounts<'info>\n  __idl::IdlCloseAccount<'info>\n  __idl::IdlCreateAccounts<'info>\n  __idl::IdlCreateBuffer<'info>\n  __idl::IdlResizeAccount<'info>\n  __idl::IdlSetBuffer<'info>\nand 11 others","code":null,"level":"help","spans":[],"children":[],"rendered":null}],"rendered":"\u001b[0m\u001b[1m\u001b[38;5;9merror[E0277]\u001b[0m\u001b[0m\u001b[1m: the trait bound `SetLockedAmount<'_>: Bumps` is not satisfied\u001b[0m\n\u001b[0m  \u001b[0m\u001b[0m\u001b[1m\u001b[38;5;12m--> \u001b[0m\u001b[0mmock_programs/streamflow_mock/src/lib.rs:12:43\u001b[0m\n\u001b[0m   \u001b[0m\u001b[0m\u001b[1m\u001b[38;5;12m|\u001b[0m\n\u001b[0m\u001b[1m\u001b[38;5;12m12\u001b[0m\u001b[0m \u001b[0m\u001b[0m\u001b[1m\u001b[38;5;12m|\u001b[0m\u001b[0m \u001b[0m\u001b[0m    pub fn set_locked_amount(ctx: Context<SetLockedAmount>, locked_amount: u64, y0: u64) -> Result<()> {\u001b[0m\n\u001b[0m   \u001b[0m\u001b[0m\u001b[1m\u001b[38;5;12m|\u001b[0m\u001b[0m                                           \u001b[0m\u001b[0m\u001b[1m\u001b[38;5;9m^^^^^^^^^^^^^^^\u001b[0m\u001b[0m \u001b[0m\u001b[0m\u001b[1m\u001b[38;5;9mthe trait `Bumps` is not implemented for `SetLockedAmount<'_>`\u001b[0m\n\u001b[0m   \u001b[0m\u001b[0m\u001b[1m\u001b[38;5;12m|\u001b[0m\n\u001b[0m   \u001b[0m\u001b[0m\u001b[1m\u001b[38;5;12m= \u001b[0m\u001b[0m\u001b[1mhelp\u001b[0m\u001b[0m: the following other types implement trait `Bumps`:\u001b[0m\n\u001b[0m             CreateNonceAccount<'info>\u001b[0m\n\u001b[0m             CreateNonceAccountWithSeed<'info>\u001b[0m\n\u001b[0m             __idl::IdlAccounts<'info>\u001b[0m\n\u001b[0m             __idl::IdlCloseAccount<'info>\u001b[0m\n\u001b[0m             __idl::IdlCreateAccounts<'info>\u001b[0m\n\u001b[0m             __idl::IdlCreateBuffer<'info>\u001b[0m\n\u001b[0m             __idl::IdlResizeAccount<'info>\u001b[0m\n\u001b[0m             __idl::IdlSetBuffer<'info>\u001b[0m\n\u001b[0m           and 11 others\u001b[0m\n\n"}
{"$message_type":"diagnostic","message":"no function or associated item named `try_accounts` found for struct `SetLockedAmount` in the current scope","code":{"code":"E0599","explanation":"This error occurs when a method is used on a type which doesn't implement it:\n\nErroneous code example:\n\n```compile_fail,E0599\nstruct Mouth;\n\nlet x = Mouth;\nx.chocolate(); // error: no method named `chocolate` found for type `Mouth`\n               //        in the current scope\n```\n\nIn this case, you need to implement the `chocolate` method to fix the error:\n\n```\nstruct Mouth;\n\nimpl Mouth {\n    fn chocolate(&self) { // We implement the `chocolate` method here.\n        println!(\"Hmmm! I love chocolate!\");\n    }\n}\n\nlet x = Mouth;\nx.chocolate(); // ok!\n```\n"},"level":"error","spans":[{"file_name":"mock_programs/streamflow_mock/src/lib.rs","byte_start":122,"byte_end":132,"line_start":8,"line_end":8,"column_start":1,"column_end":11,"is_primary":true,"text":[{"text":"#[program]","highlight_start":1,"highlight_end":11}],"label":"function or associated item not found in `SetLockedAmount<'_>`","suggested_replacement":null,"suggestion_applicability":null,"expansion":{"span":{"file_name":"mock_programs/streamflow_mock/src/lib.rs","byte_start":122,"byte_end":132,"line_start":8,"line_end":8,"column_start":1,"column_end":11,"is_primary":false,"text":[{"text":"#[program]","highlight_start":1,"highlight_end":11}],"label":null,"suggested_replacement":null,"suggestion_applicability":null,"expansion":null},"macro_decl_name":"#[program]","def_site_span":{"file_name":"/usr/local/cargo/registry/src/index.crates.io-6f17d22bba15001f/anchor-attribute-program-0.30.1/src/lib.rs","byte_start":293,"byte_end":409,"line_start":12,"line_end":15,"column_start":1,"column_end":29,"is_primary":false,"text":[{"text":"pub fn program(","highlight_start":1,"highlight_end":16},{"text":"    _args: proc_macro::TokenStream,","highlight_start":1,"highlight_end":36},{"text":"    input: proc_macro::TokenStream,","highlight_start":1,"highlight_end":36},{"text":") -> proc_macro::TokenStream {","highlight_start":1,"highlight_end":29}],"label":null,"suggested_replacement":null,"suggestion_applicability":null,"expansion":null}}},{"file_name":"mock_programs/streamflow_mock/src/lib.rs","byte_start":568,"byte_end":601,"line_start":23,"line_end":23,"column_start":1,"column_end":34,"is_primary":false,"text":[{"text":"pub struct SetLockedAmount<'info> {","highlight_start":1,"highlight_end":34}],"label":"function or associated item `try_accounts` not found for this struct","suggested_replacement":null,"suggestion_applicability":null,"expansion":null}],"children":[{"message":"items from traits can only be used if the trait is implemented and in scope","code":null,"level":"help","spans":[],"children":[],"rendered":null},{"message":"the following trait defines an item `try_accounts`, perhaps you need to implement it:\ncandidate #1: `anchor_lang::Accounts`","code":null,"level":"note","spans":[],"children":[],"rendered":null},{"message":"there is a method `try_into` with a similar name, but with different arguments","code":null,"level":"help","spans":[{"file_name":"/rustc/3f5fd8dd41153bc5fdca9427e9e05be2c767ba23/library/core/src/convert/mod.rs","byte_start":23680,"byte_end":23724,"line_start":611,"line_end":611,"column_start":5,"column_end":49,"is_primary":true,"text":[],"label":null,"suggested_replacement":null,"suggestion_applicability":null,"expansion":null}],"children":[],"rendered":null}],"rendered":"\u001b[0m\u001b[1m\u001b[38;5;9merror[E0599]\u001b[0m\u001b[0m\u001b[1m: no function or associated item named `try_accounts` found for struct `SetLockedAmount` in the current scope\u001b[0m\n\u001b[0m  \u001b[0m\u001b[0m\u001b[1m\u001b[38;5;12m--> \u001b[0m\u001b[0mmock_programs/streamflow_mock/src/lib.rs:8:1\u001b[0m\n\u001b[0m   \u001b[0m\u001b[0m\u001b[1m\u001b[38;5;12m|\u001b[0m\n\u001b[0m\u001b[1m\u001b[38;5;12m8\u001b[0m\u001b[0m  \u001b[0m\u001b[0m\u001b[1m\u001b[38;5;12m|\u001b[0m\u001b[0m \u001b[0m\u001b[0m#[program]\u001b[0m\n\u001b[0m   \u001b[0m\u001b[0m\u001b[1m\u001b[38;5;12m|\u001b[0m\u001b[0m \u001b[0m\u001b[0m\u001b[1m\u001b[38;5;9m^^^^^^^^^^\u001b[0m\u001b[0m \u001b[0m\u001b[0m\u001b[1m\u001b[38;5;9mfunction or associated item not found in `SetLockedAmount<'_>`\u001b[0m\n\u001b[0m\u001b[1m\u001b[38;5;12m...\u001b[0m\n\u001b[0m\u001b[1m\u001b[38;5;12m23\u001b[0m\u001b[0m \u001b[0m\u001b[0m\u001b[1m\u001b[38;5;12m|\u001b[0m\u001b[0m \u001b[0m\u001b[0mpub struct SetLockedAmount<'info> {\u001b[0m\n\u001b[0m   \u001b[0m\u001b[0m\u001b[1m\u001b[38;5;12m|\u001b[0m\u001b[0m \u001b[0m\u001b[0m\u001b[1m\u001b[38;5;12m---------------------------------\u001b[0m\u001b[0m \u001b[0m\u001b[0m\u001b[1m\u001b[38;5;12mfunction or associated item `try_accounts` not found for this struct\u001b[0m\n\u001b[0m   \u001b[0m\u001b[0m\u001b[1m\u001b[38;5;12m|\u001b[0m\n\u001b[0m   \u001b[0m\u001b[0m\u001b[1m\u001b[38;5;12m= \u001b[0m\u001b[0m\u001b[1mhelp\u001b[0m\u001b[0m: items from traits can only be used if the trait is implemented and in scope\u001b[0m\n\u001b[0m   \u001b[0m\u001b[0m\u001b[1m\u001b[38;5;12m= \u001b[0m\u001b[0m\u001b[1mnote\u001b[0m\u001b[0m: the following trait defines an item `try_accounts`, perhaps you need to implement it:\u001b[0m\n\u001b[0m           candidate #1: `anchor_lang::Accounts`\u001b[0m\n\u001b[0m\u001b[1m\u001b[38;5;14mhelp\u001b[0m\u001b[0m: there is a method `try_into` with a similar name, but with different arguments\u001b[0m\n\u001b[0m  \u001b[0m\u001b[0m\u001b[1m\u001b[38;5;12m--> \u001b[0m\u001b[0m/rustc/3f5fd8dd41153bc5fdca9427e9e05be2c767ba23/library/core/src/convert/mod.rs:611:5\u001b[0m\n\u001b[0m   \u001b[0m\u001b[0m\u001b[1m\u001b[38;5;12m= \u001b[0m\u001b[0m\u001b[1mnote\u001b[0m\u001b[0m: this error originates in the attribute macro `program` (in Nightly builds, run with -Z macro-backtrace for more info)\u001b[0m\n\n"}
{"$message_type":"diagnostic","message":"the trait bound `SetLockedAmount<'_>: Bumps` is not satisfied","code":{"code":"E0277","explanation":"You tried to use a type which doesn't implement some trait in a place which\nexpected that trait.\n\nErroneous code example:\n\n```compile_fail,E0277\n// here we declare the Foo trait with a bar method\ntrait Foo {\n    fn bar(&self);\n}\n\n// we now declare a function which takes an object implementing the Foo trait\nfn some_func<T: Foo>(foo: T) {\n    foo.bar();\n}\n\nfn main() {\n    // we now call the method with the i32 type, which doesn't implement\n    // the Foo trait\n    some_func(5i32); // error: the trait bound `i32 : Foo` is not satisfied\n}\n```\n\nIn order to fix this error, verify that the type you're using does implement\nthe trait. Example:\n\n```\ntrait Foo {\n    fn bar(&self);\n}\n\n// we implement the trait on the i32 type\nimpl Foo for i32 {\n    fn bar(&self) {}\n}\n\nfn some_func<T: Foo>(foo: T) {\n    foo.bar(); // we can now use this method since i32 implements the\n               // Foo trait\n}\n\nfn main() {\n    some_func(5i32); // ok!\n}\n```\n\nOr in a generic context, an erroneous code example would look like:\n\n```compile_fail,E0277\nfn some_func<T>(foo: T) {\n    println!(\"{:?}\", foo); // error: the trait `core::fmt::Debug` is not\n                           //        implemented for the type `T`\n}\n\nfn main() {\n    // We now call the method with the i32 type,\n    // which *does* implement the Debug trait.\n    some_func(5i32);\n}\n```\n\nNote that the error here is in the definition of the generic function. Although\nwe only call it with a parameter that does implement `Debug`, the compiler\nstill rejects the function. It must work with all possible input types. In\norder to make this example compile, we need to restrict the generic type we're\naccepting:\n\n```\nuse std::fmt;\n\n// Restrict the input type to types that implement Debug.\nfn some_func<T: fmt::Debug>(foo: T) {\n    println!(\"{:?}\", foo);\n}\n\nfn main() {\n    // Calling the method is still fine, as i32 implements Debug.\n    some_func(5i32);\n\n    // This would fail to compile now:\n    // struct WithoutDebug;\n    // some_func(WithoutDebug);\n}\n```\n\nRust only looks at the signature of the called function, as such it must\nalready specify all requirements that will be used for every type parameter.\n"},"level":"error","spans":[{"file_name":"mock_programs/streamflow_mock/src/lib.rs","byte_start":122,"byte_end":132,"line_start":8,"line_end":8,"column_start":1,"column_end":11,"is_primary":true,"text":[{"text":"#[program]","highlight_start":1,"highlight_end":11}],"label":"the trait `Bumps` is not implemented for `SetLockedAmount<'_>`","suggested_replacement":null,"suggestion_applicability":null,"expansion":{"span":{"file_name":"mock_programs/streamflow_mock/src/lib.rs","byte_start":122,"byte_end":132,"line_start":8,"line_end":8,"column_start":1,"column_end":11,"is_primary":false,"text":[{"text":"#[program]","highlight_start":1,"highlight_end":11}],"label":null,"suggested_replacement":null,"suggestion_applicability":null,"expansion":null},"macro_decl_name":"#[program]","def_site_span":{"file_name":"/usr/local/cargo/registry/src/index.crates.io-6f17d22bba15001f/anchor-attribute-program-0.30.1/src/lib.rs","byte_start":293,"byte_end":409,"line_start":12,"line_end":15,"column_start":1,"column_end":29,"is_primary":false,"text":[{"text":"pub fn program(","highlight_start":1,"highlight_end":16},{"text":"    _args: proc_macro::TokenStream,","highlight_start":1,"highlight_end":36},{"text":"    input: proc_macro::TokenStream,","highlight_start":1,"highlight_end":36},{"text":") -> proc_macro::TokenStream {","highlight_start":1,"highlight_end":29}],"label":null,"suggested_replacement":null,"suggestion_applicability":null,"expansion":null}}}],"children":[{"message":"the following other types implement trait `Bumps`:\n  CreateNonceAccount<'info>\n  CreateNonceAccountWithSeed<'info>\n  __idl::IdlAccounts<'info>\n  __idl::IdlCloseAccount<'info>\n  __idl::IdlCreateAccounts<'info>\n  __idl::IdlCreateBuffer<'info>\n  __idl::IdlResizeAccount<'info>\n  __idl::IdlSetBuffer<'info>\nand 11 others","code":null,"level":"help","spans":[],"children":[],"rendered":null},{"message":"required by a bound in `anchor_lang::context::Context`","code":null,"level":"note","spans":[{"file_name":"/usr/local/cargo/registry/src/index.crates.io-6f17d22bba15001f/anchor-lang-0.30.1/src/context.rs","byte_start":826,"byte_end":831,"line_start":24,"line_end":24,"column_start":42,"column_end":47,"is_primary":true,"text":[{"text":"pub struct Context<'a, 'b, 'c, 'info, T: Bumps> {","highlight_start":42,"highlight_end":47}],"label":"required by this bound in `Context`","suggested_replacement":null,"suggestion_applicability":null,"expansion":null}],"children":[],"rendered":null}],"rendered":"\u001b[0m\u001b[1m\u001b[38;5;9merror[E0277]\u001b[0m\u001b[0m\u001b[1m: the trait bound `SetLockedAmount<'_>: Bumps` is not satisfied\u001b[0m\n\u001b[0m  \u001b[0m\u001b[0m\u001b[1m\u001b[38;5;12m--> \u001b[0m\u001b[0mmock_programs/streamflow_mock/src/lib.rs:8:1\u001b[0m\n\u001b[0m   \u001b[0m\u001b[0m\u001b[1m\u001b[38;5;12m|\u001b[0m\n\u001b[0m\u001b[1m\u001b[38;5;12m8\u001b[0m\u001b[0m  \u001b[0m\u001b[0m\u001b[1m\u001b[38;5;12m|\u001b[0m\u001b[0m \u001b[0m\u001b[0m#[program]\u001b[0m\n\u001b[0m   \u001b[0m\u001b[0m\u001b[1m\u001b[38;5;12m|\u001b[0m\u001b[0m \u001b[0m\u001b[0m\u001b[1m\u001b[38;5;9m^^^^^^^^^^\u001b[0m\u001b[0m \u001b[0m\u001b[0m\u001b[1m\u001b[38;5;9mthe trait `Bumps` is not implemented for `SetLockedAmount<'_>`\u001b[0m\n\u001b[0m   \u001b[0m\u001b[0m\u001b[1m\u001b[38;5;12m|\u001b[0m\n\u001b[0m   \u001b[0m\u001b[0m\u001b[1m\u001b[38;5;12m= \u001b[0m\u001b[0m\u001b[1mhelp\u001b[0m\u001b[0m: the following other types implement trait `Bumps`:\u001b[0m\n\u001b[0m             CreateNonceAccount<'info>\u001b[0m\n\u001b[0m             CreateNonceAccountWithSeed<'info>\u001b[0m\n\u001b[0m             __idl::IdlAccounts<'info>\u001b[0m\n\u001b[0m             __idl::IdlCloseAccount<'info>\u001b[0m\n\u001b[0m             __idl::IdlCreateAccounts<'info>\u001b[0m\n\u001b[0m             __idl::IdlCreateBuffer<'info>\u001b[0m\n\u001b[0m             __idl::IdlResizeAccount<'info>\u001b[0m\n\u001b[0m             __idl::IdlSetBuffer<'info>\u001b[0m\n\u001b[0m           and 11 others\u001b[0m\n\u001b[0m\u001b[1m\u001b[38;5;10mnote\u001b[0m\u001b[0m: required by a bound in `anchor_lang::context::Context`\u001b[0m\n\u001b[0m  \u001b[0m\u001b[0m\u001b[1m\u001b[38;5;12m--> \u001b[0m\u001b[0m/usr/local/cargo/registry/src/index.crates.io-6f17d22bba15001f/anchor-lang-0.30.1/src/context.rs:24:42\u001b[0m\n\u001b[0m   \u001b[0m\u001b[0m\u001b[1m\u001b[38;5;12m|\u001b[0m\n\u001b[0m\u001b[1m\u001b[38;5;12m24\u001b[0m\u001b[0m \u001b[0m\u001b[0m\u001b[1m\u001b[38;5;12m|\u001b[0m\u001b[0m \u001b[0m\u001b[0mpub struct Context<'a, 'b, 'c, 'info, T: Bumps> {\u001b[0m\n\u001b[0m   \u001b[0m\u001b[0m\u001b[1m\u001b[38;5;12m|\u001b[0m\u001b[0m                                          \u001b[0m\u001b[0m\u001b[1m\u001b[38;5;10m^^^^^\u001b[0m\u001b[0m \u001b[0m\u001b[0m\u001b[1m\u001b[38;5;10mrequired by this bound in `Context`\u001b[0m\n\u001b[0m   \u001b[0m\u001b[0m\u001b[1m\u001b[38;5;12m= \u001b[0m\u001b[0m\u001b[1mnote\u001b[0m\u001b[0m: this error originates in the attribute macro `program` (in Nightly builds, run with -Z macro-backtrace for more info)\u001b[0m\n\n"}
{"$message_type":"diagnostic","message":"the trait bound `SetLockedAmount<'_>: anchor_lang::Accounts<'_, _>` is not satisfied","code":{"code":"E0277","explanation":"You tried to use a type which doesn't implement some trait in a place which\nexpected that trait.\n\nErroneous code example:\n\n```compile_fail,E0277\n// here we declare the Foo trait with a bar method\ntrait Foo {\n    fn bar(&self);\n}\n\n// we now declare a function which takes an object implementing the Foo trait\nfn some_func<T: Foo>(foo: T) {\n    foo.bar();\n}\n\nfn main() {\n    // we now call the method with the i32 type, which doesn't implement\n    // the Foo trait\n    some_func(5i32); // error: the trait bound `i32 : Foo` is not satisfied\n}\n```\n\nIn order to fix this error, verify that the type you're using does implement\nthe trait. Example:\n\n```\ntrait Foo {\n    fn bar(&self);\n}\n\n// we implement the trait on the i32 type\nimpl Foo for i32 {\n    fn bar(&self) {}\n}\n\nfn some_func<T: Foo>(foo: T) {\n    foo.bar(); // we can now use this method since i32 implements the\n               // Foo trait\n}\n\nfn main() {\n    some_func(5i32); // ok!\n}\n```\n\nOr in a generic context, an erroneous code example would look like:\n\n```compile_fail,E0277\nfn some_func<T>(foo: T) {\n    println!(\"{:?}\", foo); // error: the trait `core::fmt::Debug` is not\n                           //        implemented for the type `T`\n}\n\nfn main() {\n    // We now call the method with the i32 type,\n    // which *does* implement the Debug trait.\n    some_func(5i32);\n}\n```\n\nNote that the error here is in the definition of the generic function. Although\nwe only call it with a parameter that does implement `Debug`, the compiler\nstill rejects the function. It must work with all possible input types. In\norder to make this example compile, we need to restrict the generic type we're\naccepting:\n\n```\nuse std::fmt;\n\n// Restrict the input type to types that implement Debug.\nfn some_func<T: fmt::Debug>(foo: T) {\n    println!(\"{:?}\", foo);\n}\n\nfn main() {\n    // Calling the method is still fine, as i32 implements Debug.\n    some_func(5i32);\n\n    // This would fail to compile now:\n    // struct WithoutDebug;\n    // some_func(WithoutDebug);\n}\n```\n\nRust only looks at the signature of the called function, as such it must\nalready specify all requirements that will be used for every type parameter.\n"},"level":"error","spans":[{"file_name":"mock_programs/streamflow_mock/src/lib.rs","byte_start":122,"byte_end":132,"line_start":8,"line_end":8,"column_start":1,"column_end":11,"is_primary":true,"text":[{"text":"#[program]","highlight_start":1,"highlight_end":11}],"label":"the trait `anchor_lang::Accounts<'_, _>` is not implemented for `SetLockedAmount<'_>`","suggested_replacement":null,"suggestion_applicability":null,"expansion":{"span":{"file_name":"mock_programs/streamflow_mock/src/lib.rs","byte_start":122,"byte_end":132,"line_start":8,"line_end":8,"column_start":1,"column_end":11,"is_primary":false,"text":[{"text":"#[program]","highlight_start":1,"highlight_end":11}],"label":null,"suggested_replacement":null,"suggestion_applicability":null,"expansion":null},"macro_decl_name":"#[program]","def_site_span":{"file_name":"/usr/local/cargo/registry/src/index.crates.io-6f17d22bba15001f/anchor-attribute-program-0.30.1/src/lib.rs","byte_start":293,"byte_end":409,"line_start":12,"line_end":15,"column_start":1,"column_end":29,"is_primary":false,"text":[{"text":"pub fn program(","highlight_start":1,"highlight_end":16},{"text":"    _args: proc_macro::TokenStream,","highlight_start":1,"highlight_end":36},{"text":"    input: proc_macro::TokenStream,","highlight_start":1,"highlight_end":36},{"text":") -> proc_macro::TokenStream {","highlight_start":1,"highlight_end":29}],"label":null,"suggested_replacement":null,"suggestion_applicability":null,"expansion":null}}}],"children":[{"message":"the following other types implement trait `anchor_lang::Accounts<'info, B>`:\n  <AccountLoader<'info, T> as anchor_lang::Accounts<'info, B>>\n  <Box<T> as anchor_lang::Accounts<'info, B>>\n  <CreateNonceAccount<'info> as anchor_lang::Accounts<'info, CreateNonceAccountBumps>>\n  <CreateNonceAccountWithSeed<'info> as anchor_lang::Accounts<'info, CreateNonceAccountWithSeedBumps>>\n  <Interface<'info, T> as anchor_lang::Accounts<'info, B>>\n  <InterfaceAccount<'info, T> as anchor_lang::Accounts<'info, B>>\n  <Option<T> as anchor_lang::Accounts<'info, B>>\n  <SystemAccount<'info> as anchor_lang::Accounts<'info, B>>\nand 24 others","code":null,"level":"help","spans":[],"children":[],"rendered":null},{"message":"required by a bound in `anchor_lang::context::Context::<'a, 'b, 'c, 'info, T>::new`","code":null,"level":"note","spans":[{"file_name":"/usr/local/cargo/registry/src/index.crates.io-6f17d22bba15001f/anchor-lang-0.30.1/src/context.rs","byte_start":1981,"byte_end":1984,"line_start":57,"line_end":57,"column_start":12,"column_end":15,"is_primary":false,"text":[{"text":"    pub fn new(","highlight_start":12,"highlight_end":15}],"label":"required by a bound in this associated function","suggested_replacement":null,"suggestion_applicability":null,"expansion":null},{"file_name":"/usr/local/cargo/registry/src/index.crates.io-6f17d22bba15001f/anchor-lang-0.30.1/src/context.rs","byte_start":1941,"byte_end":1966,"line_start":55,"line_end":55,"column_start":16,"column_end":41,"is_primary":true,"text":[{"text":"    T: Bumps + Accounts<'info, T::Bumps>,","highlight_start":16,"highlight_end":41}],"label":"required by this bound in `Context::<'a, 'b, 'c, 'info, T>::new`","suggested_replacement":null,"suggestion_applicability":null,"expansion":null}],"children":[],"rendered":null}],"rendered":"\u001b[0m\u001b[1m\u001b[38;5;9merror[E0277]\u001b[0m\u001b[0m\u001b[1m: the trait bound `SetLockedAmount<'_>: anchor_lang::Accounts<'_, _>` is not satisfied\u001b[0m\n\u001b[0m  \u001b[0m\u001b[0m\u001b[1m\u001b[38;5;12m--> \u001b[0m\u001b[0mmock_programs/streamflow_mock/src/lib.rs:8:1\u001b[0m\n\u001b[0m   \u001b[0m\u001b[0m\u001b[1m\u001b[38;5;12m|\u001b[0m\n\u001b[0m\u001b[1m\u001b[38;5;12m8\u001b[0m\u001b[0m  \u001b[0m\u001b[0m\u001b[1m\u001b[38;5;12m|\u001b[0m\u001b[0m \u001b[0m\u001b[0m#[program]\u001b[0m\n\u001b[0m   \u001b[0m\u001b[0m\u001b[1m\u001b[38;5;12m|\u001b[0m\u001b[0m \u001b[0m\u001b[0m\u001b[1m\u001b[38;5;9m^^^^^^^^^^\u001b[0m\u001b[0m \u001b[0m\u001b[0m\u001b[1m\u001b[38;5;9mthe trait `anchor_lang::Accounts<'_, _>` is not implemented for `SetLockedAmount<'_>`\u001b[0m\n\u001b[0m   \u001b[0m\u001b[0m\u001b[1m\u001b[38;5;12m|\u001b[0m\n\u001b[0m   \u001b[0m\u001b[0m\u001b[1m\u001b[38;5;12m= \u001b[0m\u001b[0m\u001b[1mhelp\u001b[0m\u001b[0m: the following other types implement trait `anchor_lang::Accounts<'info, B>`:\u001b[0m\n\u001b[0m             <AccountLoader<'info, T> as anchor_lang::Accounts<'info, B>>\u001b[0m\n\u001b[0m             <Box<T> as anchor_lang::Accounts<'info, B>>\u001b[0m\n\u001b[0m             <CreateNonceAccount<'info> as anchor_lang::Accounts<'info, CreateNonceAccountBumps>>\u001b[0m\n\u001b[0m             <CreateNonceAccountWithSeed<'info> as anchor_lang::Accounts<'info, CreateNonceAccountWithSeedBumps>>\u001b[0m\n\u001b[0m             <Interface<'info, T> as anchor_lang::Accounts<'info, B>>\u001b[0m\n\u001b[0m             <InterfaceAccount<'info, T> as anchor_lang::Accounts<'info, B>>\u001b[0m\n\u001b[0m             <Option<T> as anchor_lang::Accounts<'info, B>>\u001b[0m\n\u001b[0m             <SystemAccount<'info> as anchor_lang::Accounts<'info, B>>\u001b[0m\n\u001b[0m           and 24 others\u001b[0m\n\u001b[0m\u001b[1m\u001b[38;5;10mnote\u001b[0m\u001b[0m: required by a bound in `anchor_lang::context::Context::<'a, 'b, 'c, 'info, T>::new`\u001b[0m\n\u001b[0m  \u001b[0m\u001b[0m\u001b[1m\u001b[38;5;12m--> \u001b[0m\u001b[0m/usr/local/cargo/registry/src/index.crates.io-6f17d22bba15001f/anchor-lang-0.30.1/src/context.rs:55:16\u001b[0m\n\u001b[0m   \u001b[0m\u001b[0m\u001b[1m\u001b[38;5;12m|\u001b[0m\n\u001b[0m\u001b[1m\u001b[38;5;12m55\u001b[0m\u001b[0m \u001b[0m\u001b[0m\u001b[1m\u001b[38;5;12m|\u001b[0m\u001b[0m \u001b[0m\u001b[0m    T: Bumps + Accounts<'info, T::Bumps>,\u001b[0m\n\u001b[0m   \u001b[0m\u001b[0m\u001b[1m\u001b[38;5;12m|\u001b[0m\u001b[0m                \u001b[0m\u001b[0m\u001b[1m\u001b[38;5;10m^^^^^^^^^^^^^^^^^^^^^^^^^\u001b[0m\u001b[0m \u001b[0m\u001b[0m\u001b[1m\u001b[38;5;10mrequired by this bound in `Context::<'a, 'b, 'c, 'info, T>::new`\u001b[0m\n\u001b[0m\u001b[1m\u001b[38;5;12m56\u001b[0m\u001b[0m \u001b[0m\u001b[0m\u001b[1m\u001b[38;5;12m|\u001b[0m\u001b[0m \u001b[0m\u001b[0m{\u001b[0m\n\u001b[0m\u001b[1m\u001b[38;5;12m57\u001b[0m\u001b[0m \u001b[0m\u001b[0m\u001b[1m\u001b[38;5;12m|\u001b[0m\u001b[0m \u001b[0m\u001b[0m    pub fn new(\u001b[0m\n\u001b[0m   \u001b[0m\u001b[0m\u001b[1m\u001b[38;5;12m|\u001b[0m\u001b[0m            \u001b[0m\u001b[0m\u001b[1m\u001b[38;5;12m---\u001b[0m\u001b[0m \u001b[0m\u001b[0m\u001b[1m\u001b[38;5;12mrequired by a bound in this associated function\u001b[0m\n\u001b[0m   \u001b[0m\u001b[0m\u001b[1m\u001b[38;5;12m= \u001b[0m\u001b[0m\u001b[1mnote\u001b[0m\u001b[0m: this error originates in the attribute macro `program` (in Nightly builds, run with -Z macro-backtrace for more info)\u001b[0m\n\n"}
{"$message_type":"diagnostic","message":"the trait bound `SetLockedAmount<'_>: Bumps` is not satisfied in `anchor_lang::context::Context<'_, '_, '_, '_, SetLockedAmount<'_>>`","code":{"code":"E0277","explanation":"You tried to use a type which doesn't implement some trait in a place which\nexpected that trait.\n\nErroneous code example:\n\n```compile_fail,E0277\n// here we declare the Foo trait with a bar method\ntrait Foo {\n    fn bar(&self);\n}\n\n// we now declare a function which takes an object implementing the Foo trait\nfn some_func<T: Foo>(foo: T) {\n    foo.bar();\n}\n\nfn main() {\n    // we now call the method with the i32 type, which doesn't implement\n    // the Foo trait\n    some_func(5i32); // error: the trait bound `i32 : Foo` is not satisfied\n}\n```\n\nIn order to fix this error, verify that the type you're using does implement\nthe trait. Example:\n\n```\ntrait Foo {\n    fn bar(&self);\n}\n\n// we implement the trait on the i32 type\nimpl Foo for i32 {\n    fn bar(&self) {}\n}\n\nfn some_func<T: Foo>(foo: T) {\n    foo.bar(); // we can now use this method since i32 implements the\n               // Foo trait\n}\n\nfn main() {\n    some_func(5i32); // ok!\n}\n```\n\nOr in a generic context, an erroneous code example would look like:\n\n```compile_fail,E0277\nfn some_func<T>(foo: T) {\n    println!(\"{:?}\", foo); // error: the trait `core::fmt::Debug` is not\n                           //        implemented for the type `T`\n}\n\nfn main() {\n    // We now call the method with the i32 type,\n    // which *does* implement the Debug trait.\n    some_func(5i32);\n}\n```\n\nNote that the error here is in the definition of the generic function. Although\nwe only call it with a parameter that does implement `Debug`, the compiler\nstill rejects the function. It must work with all possible input types. In\norder to make this example compile, we need to restrict the generic type we're\naccepting:\n\n```\nuse std::fmt;\n\n// Restrict the input type to types that implement Debug.\nfn some_func<T: fmt::Debug>(foo: T) {\n    println!(\"{:?}\", foo);\n}\n\nfn main() {\n    // Calling the method is still fine, as i32 implements Debug.\n    some_func(5i32);\n\n    // This would fail to compile now:\n    // struct WithoutDebug;\n    // some_func(WithoutDebug);\n}\n```\n\nRust only looks at the signature of the called function, as such it must\nalready specify all requirements that will be used for every type parameter.\n"},"level":"error","spans":[{"file_name":"mock_programs/streamflow_mock/src/lib.rs","byte_start":207,"byte_end":210,"line_start":12,"line_end":12,"column_start":30,"column_end":33,"is_primary":true,"text":[{"text":"    pub fn set_locked_amount(ctx: Context<SetLockedAmount>, locked_amount: u64, y0: u64) -> Result<()> {","highlight_start":30,"highlight_end":33}],"label":"within `anchor_lang::context::Context<'_, '_, '_, '_, SetLockedAmount<'_>>`, the trait `Bumps` is not implemented for `SetLockedAmount<'_>`, which is required by `anchor_lang::context::Context<'_, '_, '_, '_, SetLockedAmount<'_>>: Sized`","suggested_replacement":null,"suggestion_applicability":null,"expansion":null}],"children":[{"message":"the following other types implement trait `Bumps`:\n  CreateNonceAccount<'info>\n  CreateNonceAccountWithSeed<'info>\n  __idl::IdlAccounts<'info>\n  __idl::IdlCloseAccount<'info>\n  __idl::IdlCreateAccounts<'info>\n  __idl::IdlCreateBuffer<'info>\n  __idl::IdlResizeAccount<'info>\n  __idl::IdlSetBuffer<'info>\nand 11 others","code":null,"level":"help","spans":[],"children":[],"rendered":null},{"message":"required because it appears within the type `anchor_lang::context::Context<'_, '_, '_, '_, SetLockedAmount<'_>>`","code":null,"level":"note","spans":[{"file_name":"/usr/local/cargo/registry/src/index.crates.io-6f17d22bba15001f/anchor-lang-0.30.1/src/context.rs","byte_start":796,"byte_end":803,"line_start":24,"line_end":24,"column_start":12,"column_end":19,"is_primary":true,"text":[{"text":"pub struct Context<'a, 'b, 'c, 'info, T: Bumps> {","highlight_start":12,"highlight_end":19}],"label":null,"suggested_replacement":null,"suggestion_applicability":null,"expansion":null}],"children":[],"rendered":null},{"message":"function arguments must have a statically known size, borrowed types always have a known size","code":null,"level":"help","spans":[{"file_name":"mock_programs/streamflow_mock/src/lib.rs","byte_start":212,"byte_end":212,"line_start":12,"line_end":12,"column_start":35,"column_end":35,"is_primary":true,"text":[{"text":"    pub fn set_locked_amount(ctx: Context<SetLockedAmount>, locked_amount: u64, y0: u64) -> Result<()> {","highlight_start":35,"highlight_end":35}],"label":null,"suggested_replacement":"&","suggestion_applicability":"MachineApplicable","expansion":null}],"children":[],"rendered":null}],"rendered":"\u001b[0m\u001b[1m\u001b[38;5;9merror[E0277]\u001b[0m\u001b[0m\u001b[1m: the trait bound `SetLockedAmount<'_>: Bumps` is not satisfied in `anchor_lang::context::Context<'_, '_, '_, '_, SetLockedAmount<'_>>`\u001b[0m\n\u001b[0m  \u001b[0m\u001b[0m\u001b[1m\u001b[38;5;12m--> \u001b[0m\u001b[0mmock_programs/streamflow_mock/src/lib.rs:12:30\u001b[0m\n\u001b[0m   \u001b[0m\u001b[0m\u001b[1m\u001b[38;5;12m|\u001b[0m\n\u001b[0m\u001b[1m\u001b[38;5;12m12\u001b[0m\u001b[0m \u001b[0m\u001b[0m\u001b[1m\u001b[38;5;12m|\u001b[0m\u001b[0m \u001b[0m\u001b[0m    pub fn set_locked_amount(ctx: Context<SetLockedAmount>, locked_amount: u64, y0: u64) -> Result<()> {\u001b[0m\n\u001b[0m   \u001b[0m\u001b[0m\u001b[1m\u001b[38;5;12m|\u001b[0m\u001b[0m                              \u001b[0m\u001b[0m\u001b[1m\u001b[38;5;9m^^^\u001b[0m\u001b[0m \u001b[0m\u001b[0m\u001b[1m\u001b[38;5;9mwithin `anchor_lang::context::Context<'_, '_, '_, '_, SetLockedAmount<'_>>`, the trait `Bumps` is not implemented for `SetLockedAmount<'_>`, which is required by `anchor_lang::context::Context<'_, '_, '_, '_, SetLockedAmount<'_>>: Sized`\u001b[0m\n\u001b[0m   \u001b[0m\u001b[0m\u001b[1m\u001b[38;5;12m|\u001b[0m\n\u001b[0m   \u001b[0m\u001b[0m\u001b[1m\u001b[38;5;12m= \u001b[0m\u001b[0m\u001b[1mhelp\u001b[0m\u001b[0m: the following other types implement trait `Bumps`:\u001b[0m\n\u001b[0m             CreateNonceAccount<'info>\u001b[0m\n\u001b[0m             CreateNonceAccountWithSeed<'info>\u001b[0m\n\u001b[0m             __idl::IdlAccounts<'info>\u001b[0m\n\u001b[0m             __idl::IdlCloseAccount<'info>\u001b[0m\n\u001b[0m             __idl::IdlCreateAccounts<'info>\u001b[0m\n\u001b[0m             __idl::IdlCreateBuffer<'info>\u001b[0m\n\u001b[0m             __idl::IdlResizeAccount<'info>\u001b[0m\n\u001b[0m             __idl::IdlSetBuffer<'info>\u001b[0m\n\u001b[0m           and 11 others\u001b[0m\n\u001b[0m\u001b[1m\u001b[38;5;10mnote\u001b[0m\u001b[0m: required because it appears within the type `anchor_lang::context::Context<'_, '_, '_, '_, SetLockedAmount<'_>>`\u001b[0m\n\u001b[0m  \u001b[0m\u001b[0m\u001b[1m\u001b[38;5;12m--> \u001b[0m\u001b[0m/usr/local/cargo/registry/src/index.crates.io-6f17d22bba15001f/anchor-lang-0.30.1/src/context.rs:24:12\u001b[0m\n\u001b[0m   \u001b[0m\u001b[0m\u001b[1m\u001b[38;5;12m|\u001b[0m\n\u001b[0m\u001b[1m\u001b[38;5;12m24\u001b[0m\u001b[0m \u001b[0m\u001b[0m\u001b[1m\u001b[38;5;12m|\u001b[0m\u001b[0m \u001b[0m\u001b[0mpub struct Context<'a, 'b, 'c, 'info, T: Bumps> {\u001b[0m\n\u001b[0m   \u001b[0m\u001b[0m\u001b[1m\u001b[38;5;12m|\u001b[0m\u001b[0m            \u001b[0m\u001b[0m\u001b[1m\u001b[38;5;10m^^^^^^^\u001b[0m\n\u001b[0m\u001b[1m\u001b[38;5;14mhelp\u001b[0m\u001b[0m: function arguments must have a statically known size, borrowed types always have a known size\u001b[0m\n\u001b[0m   \u001b[0m\u001b[0m\u001b[1m\u001b[38;5;12m|\u001b[0m\n\u001b[0m\u001b[1m\u001b[38;5;12m12\u001b[0m\u001b[0m \u001b[0m\u001b[0m\u001b[1m\u001b[38;5;12m| \u001b[0m\u001b[0m    pub fn set_locked_amount(ctx: \u001b[0m\u001b[0m\u001b[38;5;10m&\u001b[0m\u001b[0mContext<SetLockedAmount>, locked_amount: u64, y0: u64) -> Result<()> {\u001b[0m\n\u001b[0m   \u001b[0m\u001b[0m\u001b[1m\u001b[38;5;12m|\u001b[0m\u001b[0m                                   \u001b[0m\u001b[0m\u001b[38;5;10m+\u001b[0m\n\n"}
{"$message_type":"diagnostic","message":"no field `lock_key` on type `anchor_lang::prelude::UncheckedAccount<'_>`","code":{"code":"E0609","explanation":"Attempted to access a nonexistent field in a struct.\n\nErroneous code example:\n\n```compile_fail,E0609\nstruct StructWithFields {\n    x: u32,\n}\n\nlet s = StructWithFields { x: 0 };\nprintln!(\"{}\", s.foo); // error: no field `foo` on type `StructWithFields`\n```\n\nTo fix this error, check that you didn't misspell the field's name or that the\nfield actually exists. Example:\n\n```\nstruct StructWithFields {\n    x: u32,\n}\n\nlet s = StructWithFields { x: 0 };\nprintln!(\"{}\", s.x); // ok!\n```\n"},"level":"error","spans":[{"file_name":"mock_programs/streamflow_mock/src/lib.rs","byte_start":382,"byte_end":390,"line_start":14,"line_end":14,"column_start":50,"column_end":58,"is_primary":true,"text":[{"text":"        lock.stream_pubkey = ctx.accounts.stream.lock_key.key();","highlight_start":50,"highlight_end":58}],"label":"unknown field","suggested_replacement":null,"suggestion_applicability":null,"expansion":null}],"children":[{"message":"available fields are: `key`, `lamports`, `data`, `owner`, `rent_epoch` ... and 3 others","code":null,"level":"note","spans":[],"children":[],"rendered":null}],"rendered":"\u001b[0m\u001b[1m\u001b[38;5;9merror[E0609]\u001b[0m\u001b[0m\u001b[1m: no field `lock_key` on type `anchor_lang::prelude::UncheckedAccount<'_>`\u001b[0m\n\u001b[0m  \u001b[0m\u001b[0m\u001b[1m\u001b[38;5;12m--> \u001b[0m\u001b[0mmock_programs/streamflow_mock/src/lib.rs:14:50\u001b[0m\n\u001b[0m   \u001b[0m\u001b[0m\u001b[1m\u001b[38;5;12m|\u001b[0m\n\u001b[0m\u001b[1m\u001b[38;5;12m14\u001b[0m\u001b[0m \u001b[0m\u001b[0m\u001b[1m\u001b[38;5;12m|\u001b[0m\u001b[0m \u001b[0m\u001b[0m        lock.stream_pubkey = ctx.accounts.stream.lock_key.key();\u001b[0m\n\u001b[0m   \u001b[0m\u001b[0m\u001b[1m\u001b[38;5;12m|\u001b[0m\u001b[0m                                                  \u001b[0m\u001b[0m\u001b[1m\u001b[38;5;9m^^^^^^^^\u001b[0m\u001b[0m \u001b[0m\u001b[0m\u001b[1m\u001b[38;5;9munknown field\u001b[0m\n\u001b[0m   \u001b[0m\u001b[0m\u001b[1m\u001b[38;5;12m|\u001b[0m\n\u001b[0m   \u001b[0m\u001b[0m\u001b[1m\u001b[38;5;12m= \u001b[0m\u001b[0m\u001b[1mnote\u001b[0m\u001b[0m: available fields are: `key`, `lamports`, `data`, `owner`, `rent_epoch` ... and 3 others\u001b[0m\n\n"}
{"$message_type":"diagnostic","message":"the trait bound `SetLockedAmount<'_>: Bumps` is not satisfied","code":{"code":"E0277","explanation":"You tried to use a type which doesn't implement some trait in a place which\nexpected that trait.\n\nErroneous code example:\n\n```compile_fail,E0277\n// here we declare the Foo trait with a bar method\ntrait Foo {\n    fn bar(&self);\n}\n\n// we now declare a function which takes an object implementing the Foo trait\nfn some_func<T: Foo>(foo: T) {\n    foo.bar();\n}\n\nfn main() {\n    // we now call the method with the i32 type, which doesn't implement\n    // the Foo trait\n    some_func(5i32); // error: the trait bound `i32 : Foo` is not satisfied\n}\n```\n\nIn order to fix this error, verify that the type you're using does implement\nthe trait. Example:\n\n```\ntrait Foo {\n    fn bar(&self);\n}\n\n// we implement the trait on the i32 type\nimpl Foo for i32 {\n    fn bar(&self) {}\n}\n\nfn some_func<T: Foo>(foo: T) {\n    foo.bar(); // we can now use this method since i32 implements the\n               // Foo trait\n}\n\nfn main() {\n    some_func(5i32); // ok!\n}\n```\n\nOr in a generic context, an erroneous code example would look like:\n\n```compile_fail,E0277\nfn some_func<T>(foo: T) {\n    println!(\"{:?}\", foo); // error: the trait `core::fmt::Debug` is not\n                           //        implemented for the type `T`\n}\n\nfn main() {\n    // We now call the method with the i32 type,\n    // which *does* implement the Debug trait.\n    some_func(5i32);\n}\n```\n\nNote that the error here is in the definition of the generic function. Although\nwe only call it with a parameter that does implement `Debug`, the compiler\nstill rejects the function. It must work with all possible input types. In\norder to make this example compile, we need to restrict the generic type we're\naccepting:\n\n```\nuse std::fmt;\n\n// Restrict the input type to types that implement Debug.\nfn some_func<T: fmt::Debug>(foo: T) {\n    println!(\"{:?}\", foo);\n}\n\nfn main() {\n    // Calling the method is still fine, as i32 implements Debug.\n    some_func(5i32);\n\n    // This would fail to compile now:\n    // struct WithoutDebug;\n    // some_func(WithoutDebug);\n}\n```\n\nRust only looks at the signature of the called function, as such it must\nalready specify all requirements that will be used for every type parameter.\n"},"level":"error","spans":[{"file_name":"mock_programs/streamflow_mock/src/lib.rs","byte_start":485,"byte_end":494,"line_start":17,"line_end":17,"column_start":22,"column_end":31,"is_primary":true,"text":[{"text":"        lock.bump = *ctx.bumps.get(\"stream_lock\").unwrap();","highlight_start":22,"highlight_end":31}],"label":"the trait `Bumps` is not implemented for `SetLockedAmount<'_>`","suggested_replacement":null,"suggestion_applicability":null,"expansion":null}],"children":[{"message":"the following other types implement trait `Bumps`:\n  CreateNonceAccount<'info>\n  CreateNonceAccountWithSeed<'info>\n  __idl::IdlAccounts<'info>\n  __idl::IdlCloseAccount<'info>\n  __idl::IdlCreateAccounts<'info>\n  __idl::IdlCreateBuffer<'info>\n  __idl::IdlResizeAccount<'info>\n  __idl::IdlSetBuffer<'info>\nand 11 others","code":null,"level":"help","spans":[],"children":[],"rendered":null}],"rendered":"\u001b[0m\u001b[1m\u001b[38;5;9merror[E0277]\u001b[0m\u001b[0m\u001b[1m: the trait bound `SetLockedAmount<'_>: Bumps` is not satisfied\u001b[0m\n\u001b[0m  \u001b[0m\u001b[0m\u001b[1m\u001b[38;5;12m--> \u001b[0m\u001b[0mmock_programs/streamflow_mock/src/lib.rs:17:22\u001b[0m\n\u001b[0m   \u001b[0m\u001b[0m\u001b[1m\u001b[38;5;12m|\u001b[0m\n\u001b[0m\u001b[1m\u001b[38;5;12m17\u001b[0m\u001b[0m \u001b[0m\u001b[0m\u001b[1m\u001b[38;5;12m|\u001b[0m\u001b[0m \u001b[0m\u001b[0m        lock.bump = *ctx.bumps.get(\"stream_lock\").unwrap();\u001b[0m\n\u001b[0m   \u001b[0m\u001b[0m\u001b[1m\u001b[38;5;12m|\u001b[0m\u001b[0m                      \u001b[0m\u001b[0m\u001b[1m\u001b[38;5;9m^^^^^^^^^\u001b[0m\u001b[0m \u001b[0m\u001b[0m\u001b[1m\u001b[38;5;9mthe trait `Bumps` is not implemented for `SetLockedAmount<'_>`\u001b[0m\n\u001b[0m   \u001b[0m\u001b[0m\u001b[1m\u001b[38;5;12m|\u001b[0m\n\u001b[0m   \u001b[0m\u001b[0m\u001b[1m\u001b[38;5;12m= \u001b[0m\u001b[0m\u001b[1mhelp\u001b[0m\u001b[0m: the following other types implement trait `Bumps`:\u001b[0m\n\u001b[0m             CreateNonceAccount<'info>\u001b[0m\n\u001b[0m             CreateNonceAccountWithSeed<'info>\u001b[0m\n\u001b[0m             __idl::IdlAccounts<'info>\u001b[0m\n\u001b[0m             __idl::IdlCloseAccount<'info>\u001b[0m\n\u001b[0m             __idl::IdlCreateAccounts<'info>\u001b[0m\n\u001b[0m             __idl::IdlCreateBuffer<'info>\u001b[0m\n\u001b[0m             __idl::IdlResizeAccount<'info>\u001b[0m\n\u001b[0m             __idl::IdlSetBuffer<'info>\u001b[0m\n\u001b[0m           and 11 others\u001b[0m\n\n"}
{"$message_type":"diagnostic","message":"aborting due to 10 previous errors","code":null,"level":"error","spans":[],"children":[],"rendered":"\u001b[0m\u001b[1m\u001b[38;5;9merror\u001b[0m\u001b[0m\u001b[1m: aborting due to 10 previous errors\u001b[0m\n\n"}
{"$message_type":"diagnostic","message":"Some errors have detailed explanations: E0277, E0432, E0599, E0609.","code":null,"level":"failure-note","spans":[],"children":[],"rendered":"\u001b[0m\u001b[1mSome errors have detailed explanations: E0277, E0432, E0599, E0609.\u001b[0m\n"}
{"$message_type":"diagnostic","message":"For more information about an error, try `rustc --explain E0277`.","code":null,"level":"failure-note","spans":[],"children":[],"rendered":"\u001b[0m\u001b[1mFor more information about an error, try `rustc --explain E0277`.\u001b[0m\n"}
